Note: Bumping stack limit from 10240 to 65536 Kbytes.
Command: vcs -cpp g++ -cc gcc -timescale=1ns/1ps -l vcs.log -V -cm_xmldb -sverilog \
-gen_obj +incdir+.. +incdir+/remote/vtgimages/SAFE/linux_RH4_AMD64_TD_32_Engineer/release-structure/vcs-mx/etc/systemc/tlm/tli \
-ntb_opts uvm top.v -P csrc/sysc/sc_top/sc_top.tab +vcs+simv+slave csrc/sysc/sc_top/sc_top.v \
+v2k +acc+2 -e SimvMain
*** Using c compiler gcc instead of cc ...
/remote/vtgimages/SAFE/linux_RH4_AMD64_TD_32_Engineer/release-structure/vcs-mx/linux/bin/vcs1 \
-Mcc=gcc -Mcplusplus=g++ -Masflags=--32 -Mcfl= -pipe -m32 -DVCS -O -I/remote/vtgimages/SAFE/linux_RH4_AMD64_TD_32_Engineer/release-structure/vcs-mx/include \
-Mldflags= -melf_i386 -m32  -Mout=simv -Mamsrun="" -Mvcsaceobjs="" -Mobjects="/remote/vtgimages/SAFE/linux_RH4_AMD64_TD_32_Engineer/release-structure/vcs-mx/linux/lib/vpdlogstub.o \
/remote/vtgimages/SAFE/linux_RH4_AMD64_TD_32_Engineer/release-structure/vcs-mx/linux/lib/libvirsim.so \
/remote/vtgimages/SAFE/linux_RH4_AMD64_TD_32_Engineer/release-structure/vcs-mx/linux/lib/librterrorinf.so \
/remote/vtgimages/SAFE/linux_RH4_AMD64_TD_32_Engineer/release-structure/vcs-mx/linux/lib/libsnpsmalloc.so \
" -Msaverestoreobj=/remote/vtgimages/SAFE/linux_RH4_AMD64_TD_32_Engineer/release-structure/vcs-mx/linux/lib/vcs_save_restore_new.o \
-Mcrt0= -Mcrtn="" -Mcsrc="/remote/vtgimages/SAFE/linux_RH4_AMD64_TD_32_Engineer/release-structure/vcs-mx/etc/uvm/dpi/uvm_dpi.cc \
" -Msyslibs=/remote/vtgimages/SAFE/linux_RH4_AMD64_TD_32_Engineer/release-structure/vcs-mx/linux/lib/ctype-stubs_32.a \
-ldl -lm  -cm_xmldb -timescale=1ns/1ps -l vcs.log -V -gen_obj -ntb_opts uvm +incdir+/remote/vtgimages/SAFE/linux_RH4_AMD64_TD_32_Engineer/release-structure/vcs-mx/etc/uvm/ \
-P csrc/sysc/sc_top/sc_top.tab +vcs+simv+slave +v2k +acc+2 -e SimvMain -sverilog \
+incdir+.. +incdir+/remote/vtgimages/SAFE/linux_RH4_AMD64_TD_32_Engineer/release-structure/vcs-mx/etc/systemc/tlm/tli \
top.v csrc/sysc/sc_top/sc_top.v -P /remote/vtgimages/SAFE/linux_RH4_AMD64_TD_32_Engineer/release-structure/vcs-mx/linux/lib/vcsdstub.tab \
/remote/vtgimages/SAFE/linux_RH4_AMD64_TD_32_Engineer/release-structure/vcs-mx/etc/uvm/uvm_pkg.sv \

                         Chronologic VCS (TM)
        Version G-2012.09-A (ENG) -- Mon Oct 24 22:03:53 2011
               Copyright (c) 1991-2011 by Synopsys Inc.
                         ALL RIGHTS RESERVED

This program is proprietary and confidential information of Synopsys Inc.
and may be used and disclosed only as authorized in a license agreement
controlling such use and disclosure.


Warning-[ACC_CLI_ON] ACC/CLI capabilities enabled
  ACC/CLI capabilities have been enabled for the entire design. For faster 
  performance enable module specific capability in pli.tab file

Parsing design file '/remote/vtgimages/SAFE/linux_RH4_AMD64_TD_32_Engineer/release-structure/vcs-mx/etc/uvm/uvm_pkg.sv'
Parsing included file '/remote/vtgimages/SAFE/linux_RH4_AMD64_TD_32_Engineer/release-structure/vcs-mx/etc/uvm/uvm_macros.svh'.
Parsing included file '/remote/vtgimages/SAFE/linux_RH4_AMD64_TD_32_Engineer/release-structure/vcs-mx/etc/uvm/macros/uvm_version_defines.svh'.
Back to file '/remote/vtgimages/SAFE/linux_RH4_AMD64_TD_32_Engineer/release-structure/vcs-mx/etc/uvm/uvm_macros.svh'.
Parsing included file '/remote/vtgimages/SAFE/linux_RH4_AMD64_TD_32_Engineer/release-structure/vcs-mx/etc/uvm/macros/uvm_message_defines.svh'.
Back to file '/remote/vtgimages/SAFE/linux_RH4_AMD64_TD_32_Engineer/release-structure/vcs-mx/etc/uvm/uvm_macros.svh'.
Parsing included file '/remote/vtgimages/SAFE/linux_RH4_AMD64_TD_32_Engineer/release-structure/vcs-mx/etc/uvm/macros/uvm_phase_defines.svh'.
Back to file '/remote/vtgimages/SAFE/linux_RH4_AMD64_TD_32_Engineer/release-structure/vcs-mx/etc/uvm/uvm_macros.svh'.
Parsing included file '/remote/vtgimages/SAFE/linux_RH4_AMD64_TD_32_Engineer/release-structure/vcs-mx/etc/uvm/macros/uvm_object_defines.svh'.
Back to file '/remote/vtgimages/SAFE/linux_RH4_AMD64_TD_32_Engineer/release-structure/vcs-mx/etc/uvm/uvm_macros.svh'.
Parsing included file '/remote/vtgimages/SAFE/linux_RH4_AMD64_TD_32_Engineer/release-structure/vcs-mx/etc/uvm/macros/uvm_printer_defines.svh'.
Back to file '/remote/vtgimages/SAFE/linux_RH4_AMD64_TD_32_Engineer/release-structure/vcs-mx/etc/uvm/uvm_macros.svh'.
Parsing included file '/remote/vtgimages/SAFE/linux_RH4_AMD64_TD_32_Engineer/release-structure/vcs-mx/etc/uvm/macros/uvm_tlm_defines.svh'.
Parsing included file '/remote/vtgimages/SAFE/linux_RH4_AMD64_TD_32_Engineer/release-structure/vcs-mx/etc/uvm/tlm1/uvm_tlm_imps.svh'.
Back to file '/remote/vtgimages/SAFE/linux_RH4_AMD64_TD_32_Engineer/release-structure/vcs-mx/etc/uvm/macros/uvm_tlm_defines.svh'.
Back to file '/remote/vtgimages/SAFE/linux_RH4_AMD64_TD_32_Engineer/release-structure/vcs-mx/etc/uvm/uvm_macros.svh'.
Parsing included file '/remote/vtgimages/SAFE/linux_RH4_AMD64_TD_32_Engineer/release-structure/vcs-mx/etc/uvm/macros/uvm_sequence_defines.svh'.
Back to file '/remote/vtgimages/SAFE/linux_RH4_AMD64_TD_32_Engineer/release-structure/vcs-mx/etc/uvm/uvm_macros.svh'.
Parsing included file '/remote/vtgimages/SAFE/linux_RH4_AMD64_TD_32_Engineer/release-structure/vcs-mx/etc/uvm/macros/uvm_callback_defines.svh'.
Back to file '/remote/vtgimages/SAFE/linux_RH4_AMD64_TD_32_Engineer/release-structure/vcs-mx/etc/uvm/uvm_macros.svh'.
Parsing included file '/remote/vtgimages/SAFE/linux_RH4_AMD64_TD_32_Engineer/release-structure/vcs-mx/etc/uvm/macros/uvm_reg_defines.svh'.
Back to file '/remote/vtgimages/SAFE/linux_RH4_AMD64_TD_32_Engineer/release-structure/vcs-mx/etc/uvm/uvm_macros.svh'.
Parsing included file '/remote/vtgimages/SAFE/linux_RH4_AMD64_TD_32_Engineer/release-structure/vcs-mx/etc/uvm/macros/uvm_deprecated_defines.svh'.
Back to file '/remote/vtgimages/SAFE/linux_RH4_AMD64_TD_32_Engineer/release-structure/vcs-mx/etc/uvm/uvm_macros.svh'.
Back to file '/remote/vtgimages/SAFE/linux_RH4_AMD64_TD_32_Engineer/release-structure/vcs-mx/etc/uvm/uvm_pkg.sv'.
Parsing included file '/remote/vtgimages/SAFE/linux_RH4_AMD64_TD_32_Engineer/release-structure/vcs-mx/etc/uvm/dpi/uvm_dpi.svh'.
Parsing included file '/remote/vtgimages/SAFE/linux_RH4_AMD64_TD_32_Engineer/release-structure/vcs-mx/etc/uvm/dpi/uvm_hdl.svh'.
Back to file '/remote/vtgimages/SAFE/linux_RH4_AMD64_TD_32_Engineer/release-structure/vcs-mx/etc/uvm/dpi/uvm_dpi.svh'.
Parsing included file '/remote/vtgimages/SAFE/linux_RH4_AMD64_TD_32_Engineer/release-structure/vcs-mx/etc/uvm/dpi/uvm_svcmd_dpi.svh'.
Back to file '/remote/vtgimages/SAFE/linux_RH4_AMD64_TD_32_Engineer/release-structure/vcs-mx/etc/uvm/dpi/uvm_dpi.svh'.
Parsing included file '/remote/vtgimages/SAFE/linux_RH4_AMD64_TD_32_Engineer/release-structure/vcs-mx/etc/uvm/dpi/uvm_regex.svh'.
Back to file '/remote/vtgimages/SAFE/linux_RH4_AMD64_TD_32_Engineer/release-structure/vcs-mx/etc/uvm/dpi/uvm_dpi.svh'.
Back to file '/remote/vtgimages/SAFE/linux_RH4_AMD64_TD_32_Engineer/release-structure/vcs-mx/etc/uvm/uvm_pkg.sv'.
Parsing included file '/remote/vtgimages/SAFE/linux_RH4_AMD64_TD_32_Engineer/release-structure/vcs-mx/etc/uvm/base/uvm_base.svh'.
Parsing included file '/remote/vtgimages/SAFE/linux_RH4_AMD64_TD_32_Engineer/release-structure/vcs-mx/etc/uvm/base/uvm_version.svh'.
Back to file '/remote/vtgimages/SAFE/linux_RH4_AMD64_TD_32_Engineer/release-structure/vcs-mx/etc/uvm/base/uvm_base.svh'.
Parsing included file '/remote/vtgimages/SAFE/linux_RH4_AMD64_TD_32_Engineer/release-structure/vcs-mx/etc/uvm/base/uvm_object_globals.svh'.
Back to file '/remote/vtgimages/SAFE/linux_RH4_AMD64_TD_32_Engineer/release-structure/vcs-mx/etc/uvm/base/uvm_base.svh'.
Parsing included file '/remote/vtgimages/SAFE/linux_RH4_AMD64_TD_32_Engineer/release-structure/vcs-mx/etc/uvm/base/uvm_misc.svh'.
Back to file '/remote/vtgimages/SAFE/linux_RH4_AMD64_TD_32_Engineer/release-structure/vcs-mx/etc/uvm/base/uvm_base.svh'.
Parsing included file '/remote/vtgimages/SAFE/linux_RH4_AMD64_TD_32_Engineer/release-structure/vcs-mx/etc/uvm/base/uvm_object.svh'.
Back to file '/remote/vtgimages/SAFE/linux_RH4_AMD64_TD_32_Engineer/release-structure/vcs-mx/etc/uvm/base/uvm_base.svh'.
Parsing included file '/remote/vtgimages/SAFE/linux_RH4_AMD64_TD_32_Engineer/release-structure/vcs-mx/etc/uvm/base/uvm_pool.svh'.
Back to file '/remote/vtgimages/SAFE/linux_RH4_AMD64_TD_32_Engineer/release-structure/vcs-mx/etc/uvm/base/uvm_base.svh'.
Parsing included file '/remote/vtgimages/SAFE/linux_RH4_AMD64_TD_32_Engineer/release-structure/vcs-mx/etc/uvm/base/uvm_queue.svh'.
Back to file '/remote/vtgimages/SAFE/linux_RH4_AMD64_TD_32_Engineer/release-structure/vcs-mx/etc/uvm/base/uvm_base.svh'.
Parsing included file '/remote/vtgimages/SAFE/linux_RH4_AMD64_TD_32_Engineer/release-structure/vcs-mx/etc/uvm/base/uvm_factory.svh'.
Back to file '/remote/vtgimages/SAFE/linux_RH4_AMD64_TD_32_Engineer/release-structure/vcs-mx/etc/uvm/base/uvm_base.svh'.
Parsing included file '/remote/vtgimages/SAFE/linux_RH4_AMD64_TD_32_Engineer/release-structure/vcs-mx/etc/uvm/base/uvm_registry.svh'.
Back to file '/remote/vtgimages/SAFE/linux_RH4_AMD64_TD_32_Engineer/release-structure/vcs-mx/etc/uvm/base/uvm_base.svh'.
Parsing included file '/remote/vtgimages/SAFE/linux_RH4_AMD64_TD_32_Engineer/release-structure/vcs-mx/etc/uvm/base/uvm_printer.svh'.
Back to file '/remote/vtgimages/SAFE/linux_RH4_AMD64_TD_32_Engineer/release-structure/vcs-mx/etc/uvm/base/uvm_base.svh'.
Parsing included file '/remote/vtgimages/SAFE/linux_RH4_AMD64_TD_32_Engineer/release-structure/vcs-mx/etc/uvm/base/uvm_comparer.svh'.
Back to file '/remote/vtgimages/SAFE/linux_RH4_AMD64_TD_32_Engineer/release-structure/vcs-mx/etc/uvm/base/uvm_base.svh'.
Parsing included file '/remote/vtgimages/SAFE/linux_RH4_AMD64_TD_32_Engineer/release-structure/vcs-mx/etc/uvm/base/uvm_packer.svh'.
Back to file '/remote/vtgimages/SAFE/linux_RH4_AMD64_TD_32_Engineer/release-structure/vcs-mx/etc/uvm/base/uvm_base.svh'.
Parsing included file '/remote/vtgimages/SAFE/linux_RH4_AMD64_TD_32_Engineer/release-structure/vcs-mx/etc/uvm/base/uvm_recorder.svh'.
Back to file '/remote/vtgimages/SAFE/linux_RH4_AMD64_TD_32_Engineer/release-structure/vcs-mx/etc/uvm/base/uvm_base.svh'.
Parsing included file '/remote/vtgimages/SAFE/linux_RH4_AMD64_TD_32_Engineer/release-structure/vcs-mx/etc/uvm/base/uvm_event_callback.svh'.
Back to file '/remote/vtgimages/SAFE/linux_RH4_AMD64_TD_32_Engineer/release-structure/vcs-mx/etc/uvm/base/uvm_base.svh'.
Parsing included file '/remote/vtgimages/SAFE/linux_RH4_AMD64_TD_32_Engineer/release-structure/vcs-mx/etc/uvm/base/uvm_event.svh'.
Back to file '/remote/vtgimages/SAFE/linux_RH4_AMD64_TD_32_Engineer/release-structure/vcs-mx/etc/uvm/base/uvm_base.svh'.
Parsing included file '/remote/vtgimages/SAFE/linux_RH4_AMD64_TD_32_Engineer/release-structure/vcs-mx/etc/uvm/base/uvm_barrier.svh'.
Back to file '/remote/vtgimages/SAFE/linux_RH4_AMD64_TD_32_Engineer/release-structure/vcs-mx/etc/uvm/base/uvm_base.svh'.
Parsing included file '/remote/vtgimages/SAFE/linux_RH4_AMD64_TD_32_Engineer/release-structure/vcs-mx/etc/uvm/base/uvm_callback.svh'.
Parsing included file '/remote/vtgimages/SAFE/linux_RH4_AMD64_TD_32_Engineer/release-structure/vcs-mx/etc/uvm/uvm_macros.svh'.
Back to file '/remote/vtgimages/SAFE/linux_RH4_AMD64_TD_32_Engineer/release-structure/vcs-mx/etc/uvm/base/uvm_callback.svh'.
Back to file '/remote/vtgimages/SAFE/linux_RH4_AMD64_TD_32_Engineer/release-structure/vcs-mx/etc/uvm/base/uvm_base.svh'.
Parsing included file '/remote/vtgimages/SAFE/linux_RH4_AMD64_TD_32_Engineer/release-structure/vcs-mx/etc/uvm/base/uvm_report_catcher.svh'.
Back to file '/remote/vtgimages/SAFE/linux_RH4_AMD64_TD_32_Engineer/release-structure/vcs-mx/etc/uvm/base/uvm_base.svh'.
Parsing included file '/remote/vtgimages/SAFE/linux_RH4_AMD64_TD_32_Engineer/release-structure/vcs-mx/etc/uvm/base/uvm_report_server.svh'.
Back to file '/remote/vtgimages/SAFE/linux_RH4_AMD64_TD_32_Engineer/release-structure/vcs-mx/etc/uvm/base/uvm_base.svh'.
Parsing included file '/remote/vtgimages/SAFE/linux_RH4_AMD64_TD_32_Engineer/release-structure/vcs-mx/etc/uvm/base/uvm_report_handler.svh'.
Back to file '/remote/vtgimages/SAFE/linux_RH4_AMD64_TD_32_Engineer/release-structure/vcs-mx/etc/uvm/base/uvm_base.svh'.
Parsing included file '/remote/vtgimages/SAFE/linux_RH4_AMD64_TD_32_Engineer/release-structure/vcs-mx/etc/uvm/base/uvm_report_object.svh'.
Back to file '/remote/vtgimages/SAFE/linux_RH4_AMD64_TD_32_Engineer/release-structure/vcs-mx/etc/uvm/base/uvm_base.svh'.
Parsing included file '/remote/vtgimages/SAFE/linux_RH4_AMD64_TD_32_Engineer/release-structure/vcs-mx/etc/uvm/base/uvm_transaction.svh'.
Back to file '/remote/vtgimages/SAFE/linux_RH4_AMD64_TD_32_Engineer/release-structure/vcs-mx/etc/uvm/base/uvm_base.svh'.
Parsing included file '/remote/vtgimages/SAFE/linux_RH4_AMD64_TD_32_Engineer/release-structure/vcs-mx/etc/uvm/base/uvm_phase.svh'.
Back to file '/remote/vtgimages/SAFE/linux_RH4_AMD64_TD_32_Engineer/release-structure/vcs-mx/etc/uvm/base/uvm_base.svh'.
Parsing included file '/remote/vtgimages/SAFE/linux_RH4_AMD64_TD_32_Engineer/release-structure/vcs-mx/etc/uvm/base/uvm_domain.svh'.
Back to file '/remote/vtgimages/SAFE/linux_RH4_AMD64_TD_32_Engineer/release-structure/vcs-mx/etc/uvm/base/uvm_base.svh'.
Parsing included file '/remote/vtgimages/SAFE/linux_RH4_AMD64_TD_32_Engineer/release-structure/vcs-mx/etc/uvm/base/uvm_bottomup_phase.svh'.
Back to file '/remote/vtgimages/SAFE/linux_RH4_AMD64_TD_32_Engineer/release-structure/vcs-mx/etc/uvm/base/uvm_base.svh'.
Parsing included file '/remote/vtgimages/SAFE/linux_RH4_AMD64_TD_32_Engineer/release-structure/vcs-mx/etc/uvm/base/uvm_topdown_phase.svh'.
Back to file '/remote/vtgimages/SAFE/linux_RH4_AMD64_TD_32_Engineer/release-structure/vcs-mx/etc/uvm/base/uvm_base.svh'.
Parsing included file '/remote/vtgimages/SAFE/linux_RH4_AMD64_TD_32_Engineer/release-structure/vcs-mx/etc/uvm/base/uvm_task_phase.svh'.
Back to file '/remote/vtgimages/SAFE/linux_RH4_AMD64_TD_32_Engineer/release-structure/vcs-mx/etc/uvm/base/uvm_base.svh'.
Parsing included file '/remote/vtgimages/SAFE/linux_RH4_AMD64_TD_32_Engineer/release-structure/vcs-mx/etc/uvm/base/uvm_common_phases.svh'.
Back to file '/remote/vtgimages/SAFE/linux_RH4_AMD64_TD_32_Engineer/release-structure/vcs-mx/etc/uvm/base/uvm_base.svh'.
Parsing included file '/remote/vtgimages/SAFE/linux_RH4_AMD64_TD_32_Engineer/release-structure/vcs-mx/etc/uvm/base/uvm_runtime_phases.svh'.
Back to file '/remote/vtgimages/SAFE/linux_RH4_AMD64_TD_32_Engineer/release-structure/vcs-mx/etc/uvm/base/uvm_base.svh'.
Parsing included file '/remote/vtgimages/SAFE/linux_RH4_AMD64_TD_32_Engineer/release-structure/vcs-mx/etc/uvm/base/uvm_spell_chkr.svh'.
Back to file '/remote/vtgimages/SAFE/linux_RH4_AMD64_TD_32_Engineer/release-structure/vcs-mx/etc/uvm/base/uvm_base.svh'.
Parsing included file '/remote/vtgimages/SAFE/linux_RH4_AMD64_TD_32_Engineer/release-structure/vcs-mx/etc/uvm/base/uvm_resource.svh'.
Back to file '/remote/vtgimages/SAFE/linux_RH4_AMD64_TD_32_Engineer/release-structure/vcs-mx/etc/uvm/base/uvm_base.svh'.
Parsing included file '/remote/vtgimages/SAFE/linux_RH4_AMD64_TD_32_Engineer/release-structure/vcs-mx/etc/uvm/base/uvm_resource_converter.svh'.
Back to file '/remote/vtgimages/SAFE/linux_RH4_AMD64_TD_32_Engineer/release-structure/vcs-mx/etc/uvm/base/uvm_base.svh'.
Parsing included file '/remote/vtgimages/SAFE/linux_RH4_AMD64_TD_32_Engineer/release-structure/vcs-mx/etc/uvm/base/uvm_resource_specializations.svh'.
Back to file '/remote/vtgimages/SAFE/linux_RH4_AMD64_TD_32_Engineer/release-structure/vcs-mx/etc/uvm/base/uvm_base.svh'.
Parsing included file '/remote/vtgimages/SAFE/linux_RH4_AMD64_TD_32_Engineer/release-structure/vcs-mx/etc/uvm/base/uvm_resource_db.svh'.
Back to file '/remote/vtgimages/SAFE/linux_RH4_AMD64_TD_32_Engineer/release-structure/vcs-mx/etc/uvm/base/uvm_base.svh'.
Parsing included file '/remote/vtgimages/SAFE/linux_RH4_AMD64_TD_32_Engineer/release-structure/vcs-mx/etc/uvm/base/uvm_config_db.svh'.
Back to file '/remote/vtgimages/SAFE/linux_RH4_AMD64_TD_32_Engineer/release-structure/vcs-mx/etc/uvm/base/uvm_base.svh'.
Parsing included file '/remote/vtgimages/SAFE/linux_RH4_AMD64_TD_32_Engineer/release-structure/vcs-mx/etc/uvm/base/uvm_component.svh'.
Parsing included file '/remote/vtgimages/SAFE/linux_RH4_AMD64_TD_32_Engineer/release-structure/vcs-mx/etc/uvm/base/uvm_root.svh'.
Back to file '/remote/vtgimages/SAFE/linux_RH4_AMD64_TD_32_Engineer/release-structure/vcs-mx/etc/uvm/base/uvm_component.svh'.
Back to file '/remote/vtgimages/SAFE/linux_RH4_AMD64_TD_32_Engineer/release-structure/vcs-mx/etc/uvm/base/uvm_base.svh'.
Parsing included file '/remote/vtgimages/SAFE/linux_RH4_AMD64_TD_32_Engineer/release-structure/vcs-mx/etc/uvm/base/uvm_objection.svh'.
Back to file '/remote/vtgimages/SAFE/linux_RH4_AMD64_TD_32_Engineer/release-structure/vcs-mx/etc/uvm/base/uvm_base.svh'.
Parsing included file '/remote/vtgimages/SAFE/linux_RH4_AMD64_TD_32_Engineer/release-structure/vcs-mx/etc/uvm/base/uvm_heartbeat.svh'.
Back to file '/remote/vtgimages/SAFE/linux_RH4_AMD64_TD_32_Engineer/release-structure/vcs-mx/etc/uvm/base/uvm_base.svh'.
Parsing included file '/remote/vtgimages/SAFE/linux_RH4_AMD64_TD_32_Engineer/release-structure/vcs-mx/etc/uvm/base/uvm_globals.svh'.
Back to file '/remote/vtgimages/SAFE/linux_RH4_AMD64_TD_32_Engineer/release-structure/vcs-mx/etc/uvm/base/uvm_base.svh'.
Parsing included file '/remote/vtgimages/SAFE/linux_RH4_AMD64_TD_32_Engineer/release-structure/vcs-mx/etc/uvm/base/uvm_cmdline_processor.svh'.
Back to file '/remote/vtgimages/SAFE/linux_RH4_AMD64_TD_32_Engineer/release-structure/vcs-mx/etc/uvm/base/uvm_base.svh'.
Back to file '/remote/vtgimages/SAFE/linux_RH4_AMD64_TD_32_Engineer/release-structure/vcs-mx/etc/uvm/uvm_pkg.sv'.
Parsing included file '/remote/vtgimages/SAFE/linux_RH4_AMD64_TD_32_Engineer/release-structure/vcs-mx/etc/uvm/tlm1/uvm_tlm.svh'.
Parsing included file '/remote/vtgimages/SAFE/linux_RH4_AMD64_TD_32_Engineer/release-structure/vcs-mx/etc/uvm/tlm1/uvm_tlm_ifs.svh'.
Back to file '/remote/vtgimages/SAFE/linux_RH4_AMD64_TD_32_Engineer/release-structure/vcs-mx/etc/uvm/tlm1/uvm_tlm.svh'.
Parsing included file '/remote/vtgimages/SAFE/linux_RH4_AMD64_TD_32_Engineer/release-structure/vcs-mx/etc/uvm/tlm1/uvm_sqr_ifs.svh'.
Back to file '/remote/vtgimages/SAFE/linux_RH4_AMD64_TD_32_Engineer/release-structure/vcs-mx/etc/uvm/tlm1/uvm_tlm.svh'.
Parsing included file '/remote/vtgimages/SAFE/linux_RH4_AMD64_TD_32_Engineer/release-structure/vcs-mx/etc/uvm/base/uvm_port_base.svh'.
Back to file '/remote/vtgimages/SAFE/linux_RH4_AMD64_TD_32_Engineer/release-structure/vcs-mx/etc/uvm/tlm1/uvm_tlm.svh'.
Parsing included file '/remote/vtgimages/SAFE/linux_RH4_AMD64_TD_32_Engineer/release-structure/vcs-mx/etc/uvm/tlm1/uvm_tlm_imps.svh'.
Back to file '/remote/vtgimages/SAFE/linux_RH4_AMD64_TD_32_Engineer/release-structure/vcs-mx/etc/uvm/tlm1/uvm_tlm.svh'.
Parsing included file '/remote/vtgimages/SAFE/linux_RH4_AMD64_TD_32_Engineer/release-structure/vcs-mx/etc/uvm/tlm1/uvm_imps.svh'.
Back to file '/remote/vtgimages/SAFE/linux_RH4_AMD64_TD_32_Engineer/release-structure/vcs-mx/etc/uvm/tlm1/uvm_tlm.svh'.
Parsing included file '/remote/vtgimages/SAFE/linux_RH4_AMD64_TD_32_Engineer/release-structure/vcs-mx/etc/uvm/tlm1/uvm_ports.svh'.
Back to file '/remote/vtgimages/SAFE/linux_RH4_AMD64_TD_32_Engineer/release-structure/vcs-mx/etc/uvm/tlm1/uvm_tlm.svh'.
Parsing included file '/remote/vtgimages/SAFE/linux_RH4_AMD64_TD_32_Engineer/release-structure/vcs-mx/etc/uvm/tlm1/uvm_exports.svh'.
Back to file '/remote/vtgimages/SAFE/linux_RH4_AMD64_TD_32_Engineer/release-structure/vcs-mx/etc/uvm/tlm1/uvm_tlm.svh'.
Parsing included file '/remote/vtgimages/SAFE/linux_RH4_AMD64_TD_32_Engineer/release-structure/vcs-mx/etc/uvm/tlm1/uvm_analysis_port.svh'.
Back to file '/remote/vtgimages/SAFE/linux_RH4_AMD64_TD_32_Engineer/release-structure/vcs-mx/etc/uvm/tlm1/uvm_tlm.svh'.
Parsing included file '/remote/vtgimages/SAFE/linux_RH4_AMD64_TD_32_Engineer/release-structure/vcs-mx/etc/uvm/tlm1/uvm_tlm_fifo_base.svh'.
Back to file '/remote/vtgimages/SAFE/linux_RH4_AMD64_TD_32_Engineer/release-structure/vcs-mx/etc/uvm/tlm1/uvm_tlm.svh'.
Parsing included file '/remote/vtgimages/SAFE/linux_RH4_AMD64_TD_32_Engineer/release-structure/vcs-mx/etc/uvm/tlm1/uvm_tlm_fifos.svh'.
Back to file '/remote/vtgimages/SAFE/linux_RH4_AMD64_TD_32_Engineer/release-structure/vcs-mx/etc/uvm/tlm1/uvm_tlm.svh'.
Parsing included file '/remote/vtgimages/SAFE/linux_RH4_AMD64_TD_32_Engineer/release-structure/vcs-mx/etc/uvm/tlm1/uvm_tlm_req_rsp.svh'.
Back to file '/remote/vtgimages/SAFE/linux_RH4_AMD64_TD_32_Engineer/release-structure/vcs-mx/etc/uvm/tlm1/uvm_tlm.svh'.
Parsing included file '/remote/vtgimages/SAFE/linux_RH4_AMD64_TD_32_Engineer/release-structure/vcs-mx/etc/uvm/tlm1/uvm_sqr_connections.svh'.
Back to file '/remote/vtgimages/SAFE/linux_RH4_AMD64_TD_32_Engineer/release-structure/vcs-mx/etc/uvm/tlm1/uvm_tlm.svh'.
Back to file '/remote/vtgimages/SAFE/linux_RH4_AMD64_TD_32_Engineer/release-structure/vcs-mx/etc/uvm/uvm_pkg.sv'.
Parsing included file '/remote/vtgimages/SAFE/linux_RH4_AMD64_TD_32_Engineer/release-structure/vcs-mx/etc/uvm/comps/uvm_comps.svh'.
Parsing included file '/remote/vtgimages/SAFE/linux_RH4_AMD64_TD_32_Engineer/release-structure/vcs-mx/etc/uvm/comps/uvm_pair.svh'.
Back to file '/remote/vtgimages/SAFE/linux_RH4_AMD64_TD_32_Engineer/release-structure/vcs-mx/etc/uvm/comps/uvm_comps.svh'.
Parsing included file '/remote/vtgimages/SAFE/linux_RH4_AMD64_TD_32_Engineer/release-structure/vcs-mx/etc/uvm/comps/uvm_policies.svh'.
Back to file '/remote/vtgimages/SAFE/linux_RH4_AMD64_TD_32_Engineer/release-structure/vcs-mx/etc/uvm/comps/uvm_comps.svh'.
Parsing included file '/remote/vtgimages/SAFE/linux_RH4_AMD64_TD_32_Engineer/release-structure/vcs-mx/etc/uvm/comps/uvm_in_order_comparator.svh'.
Back to file '/remote/vtgimages/SAFE/linux_RH4_AMD64_TD_32_Engineer/release-structure/vcs-mx/etc/uvm/comps/uvm_comps.svh'.
Parsing included file '/remote/vtgimages/SAFE/linux_RH4_AMD64_TD_32_Engineer/release-structure/vcs-mx/etc/uvm/comps/uvm_algorithmic_comparator.svh'.
Back to file '/remote/vtgimages/SAFE/linux_RH4_AMD64_TD_32_Engineer/release-structure/vcs-mx/etc/uvm/comps/uvm_comps.svh'.
Parsing included file '/remote/vtgimages/SAFE/linux_RH4_AMD64_TD_32_Engineer/release-structure/vcs-mx/etc/uvm/comps/uvm_random_stimulus.svh'.
Back to file '/remote/vtgimages/SAFE/linux_RH4_AMD64_TD_32_Engineer/release-structure/vcs-mx/etc/uvm/comps/uvm_comps.svh'.
Parsing included file '/remote/vtgimages/SAFE/linux_RH4_AMD64_TD_32_Engineer/release-structure/vcs-mx/etc/uvm/comps/uvm_subscriber.svh'.
Back to file '/remote/vtgimages/SAFE/linux_RH4_AMD64_TD_32_Engineer/release-structure/vcs-mx/etc/uvm/comps/uvm_comps.svh'.
Parsing included file '/remote/vtgimages/SAFE/linux_RH4_AMD64_TD_32_Engineer/release-structure/vcs-mx/etc/uvm/comps/uvm_monitor.svh'.
Back to file '/remote/vtgimages/SAFE/linux_RH4_AMD64_TD_32_Engineer/release-structure/vcs-mx/etc/uvm/comps/uvm_comps.svh'.
Parsing included file '/remote/vtgimages/SAFE/linux_RH4_AMD64_TD_32_Engineer/release-structure/vcs-mx/etc/uvm/comps/uvm_driver.svh'.
Back to file '/remote/vtgimages/SAFE/linux_RH4_AMD64_TD_32_Engineer/release-structure/vcs-mx/etc/uvm/comps/uvm_comps.svh'.
Parsing included file '/remote/vtgimages/SAFE/linux_RH4_AMD64_TD_32_Engineer/release-structure/vcs-mx/etc/uvm/comps/uvm_push_driver.svh'.
Back to file '/remote/vtgimages/SAFE/linux_RH4_AMD64_TD_32_Engineer/release-structure/vcs-mx/etc/uvm/comps/uvm_comps.svh'.
Parsing included file '/remote/vtgimages/SAFE/linux_RH4_AMD64_TD_32_Engineer/release-structure/vcs-mx/etc/uvm/comps/uvm_scoreboard.svh'.
Back to file '/remote/vtgimages/SAFE/linux_RH4_AMD64_TD_32_Engineer/release-structure/vcs-mx/etc/uvm/comps/uvm_comps.svh'.
Parsing included file '/remote/vtgimages/SAFE/linux_RH4_AMD64_TD_32_Engineer/release-structure/vcs-mx/etc/uvm/comps/uvm_agent.svh'.
Back to file '/remote/vtgimages/SAFE/linux_RH4_AMD64_TD_32_Engineer/release-structure/vcs-mx/etc/uvm/comps/uvm_comps.svh'.
Parsing included file '/remote/vtgimages/SAFE/linux_RH4_AMD64_TD_32_Engineer/release-structure/vcs-mx/etc/uvm/comps/uvm_env.svh'.
Back to file '/remote/vtgimages/SAFE/linux_RH4_AMD64_TD_32_Engineer/release-structure/vcs-mx/etc/uvm/comps/uvm_comps.svh'.
Parsing included file '/remote/vtgimages/SAFE/linux_RH4_AMD64_TD_32_Engineer/release-structure/vcs-mx/etc/uvm/comps/uvm_test.svh'.
Back to file '/remote/vtgimages/SAFE/linux_RH4_AMD64_TD_32_Engineer/release-structure/vcs-mx/etc/uvm/comps/uvm_comps.svh'.
Back to file '/remote/vtgimages/SAFE/linux_RH4_AMD64_TD_32_Engineer/release-structure/vcs-mx/etc/uvm/uvm_pkg.sv'.
Parsing included file '/remote/vtgimages/SAFE/linux_RH4_AMD64_TD_32_Engineer/release-structure/vcs-mx/etc/uvm/seq/uvm_seq.svh'.
Parsing included file '/remote/vtgimages/SAFE/linux_RH4_AMD64_TD_32_Engineer/release-structure/vcs-mx/etc/uvm/seq/uvm_sequence_item.svh'.
Back to file '/remote/vtgimages/SAFE/linux_RH4_AMD64_TD_32_Engineer/release-structure/vcs-mx/etc/uvm/seq/uvm_seq.svh'.
Parsing included file '/remote/vtgimages/SAFE/linux_RH4_AMD64_TD_32_Engineer/release-structure/vcs-mx/etc/uvm/seq/uvm_sequencer_base.svh'.
Back to file '/remote/vtgimages/SAFE/linux_RH4_AMD64_TD_32_Engineer/release-structure/vcs-mx/etc/uvm/seq/uvm_seq.svh'.
Parsing included file '/remote/vtgimages/SAFE/linux_RH4_AMD64_TD_32_Engineer/release-structure/vcs-mx/etc/uvm/seq/uvm_sequencer_analysis_fifo.svh'.
Back to file '/remote/vtgimages/SAFE/linux_RH4_AMD64_TD_32_Engineer/release-structure/vcs-mx/etc/uvm/seq/uvm_seq.svh'.
Parsing included file '/remote/vtgimages/SAFE/linux_RH4_AMD64_TD_32_Engineer/release-structure/vcs-mx/etc/uvm/seq/uvm_sequencer_param_base.svh'.
Back to file '/remote/vtgimages/SAFE/linux_RH4_AMD64_TD_32_Engineer/release-structure/vcs-mx/etc/uvm/seq/uvm_seq.svh'.
Parsing included file '/remote/vtgimages/SAFE/linux_RH4_AMD64_TD_32_Engineer/release-structure/vcs-mx/etc/uvm/seq/uvm_sequencer.svh'.
Back to file '/remote/vtgimages/SAFE/linux_RH4_AMD64_TD_32_Engineer/release-structure/vcs-mx/etc/uvm/seq/uvm_seq.svh'.
Parsing included file '/remote/vtgimages/SAFE/linux_RH4_AMD64_TD_32_Engineer/release-structure/vcs-mx/etc/uvm/seq/uvm_push_sequencer.svh'.
Back to file '/remote/vtgimages/SAFE/linux_RH4_AMD64_TD_32_Engineer/release-structure/vcs-mx/etc/uvm/seq/uvm_seq.svh'.
Parsing included file '/remote/vtgimages/SAFE/linux_RH4_AMD64_TD_32_Engineer/release-structure/vcs-mx/etc/uvm/seq/uvm_sequence_base.svh'.
Back to file '/remote/vtgimages/SAFE/linux_RH4_AMD64_TD_32_Engineer/release-structure/vcs-mx/etc/uvm/seq/uvm_seq.svh'.
Parsing included file '/remote/vtgimages/SAFE/linux_RH4_AMD64_TD_32_Engineer/release-structure/vcs-mx/etc/uvm/seq/uvm_sequence.svh'.
Back to file '/remote/vtgimages/SAFE/linux_RH4_AMD64_TD_32_Engineer/release-structure/vcs-mx/etc/uvm/seq/uvm_seq.svh'.
Parsing included file '/remote/vtgimages/SAFE/linux_RH4_AMD64_TD_32_Engineer/release-structure/vcs-mx/etc/uvm/seq/uvm_sequence_library.svh'.
Back to file '/remote/vtgimages/SAFE/linux_RH4_AMD64_TD_32_Engineer/release-structure/vcs-mx/etc/uvm/seq/uvm_seq.svh'.
Parsing included file '/remote/vtgimages/SAFE/linux_RH4_AMD64_TD_32_Engineer/release-structure/vcs-mx/etc/uvm/seq/uvm_sequence_builtin.svh'.
Back to file '/remote/vtgimages/SAFE/linux_RH4_AMD64_TD_32_Engineer/release-structure/vcs-mx/etc/uvm/seq/uvm_seq.svh'.
Back to file '/remote/vtgimages/SAFE/linux_RH4_AMD64_TD_32_Engineer/release-structure/vcs-mx/etc/uvm/uvm_pkg.sv'.
Parsing included file '/remote/vtgimages/SAFE/linux_RH4_AMD64_TD_32_Engineer/release-structure/vcs-mx/etc/uvm/tlm2/uvm_tlm2.svh'.
Parsing included file '/remote/vtgimages/SAFE/linux_RH4_AMD64_TD_32_Engineer/release-structure/vcs-mx/etc/uvm/tlm2/uvm_tlm2_defines.svh'.
Back to file '/remote/vtgimages/SAFE/linux_RH4_AMD64_TD_32_Engineer/release-structure/vcs-mx/etc/uvm/tlm2/uvm_tlm2.svh'.
Parsing included file '/remote/vtgimages/SAFE/linux_RH4_AMD64_TD_32_Engineer/release-structure/vcs-mx/etc/uvm/tlm2/uvm_tlm2_time.svh'.
Back to file '/remote/vtgimages/SAFE/linux_RH4_AMD64_TD_32_Engineer/release-structure/vcs-mx/etc/uvm/tlm2/uvm_tlm2.svh'.
Parsing included file '/remote/vtgimages/SAFE/linux_RH4_AMD64_TD_32_Engineer/release-structure/vcs-mx/etc/uvm/tlm2/uvm_tlm2_generic_payload.svh'.
Back to file '/remote/vtgimages/SAFE/linux_RH4_AMD64_TD_32_Engineer/release-structure/vcs-mx/etc/uvm/tlm2/uvm_tlm2.svh'.
Parsing included file '/remote/vtgimages/SAFE/linux_RH4_AMD64_TD_32_Engineer/release-structure/vcs-mx/etc/uvm/tlm2/uvm_tlm2_ifs.svh'.
Back to file '/remote/vtgimages/SAFE/linux_RH4_AMD64_TD_32_Engineer/release-structure/vcs-mx/etc/uvm/tlm2/uvm_tlm2.svh'.
Parsing included file '/remote/vtgimages/SAFE/linux_RH4_AMD64_TD_32_Engineer/release-structure/vcs-mx/etc/uvm/tlm2/uvm_tlm2_imps.svh'.
Back to file '/remote/vtgimages/SAFE/linux_RH4_AMD64_TD_32_Engineer/release-structure/vcs-mx/etc/uvm/tlm2/uvm_tlm2.svh'.
Parsing included file '/remote/vtgimages/SAFE/linux_RH4_AMD64_TD_32_Engineer/release-structure/vcs-mx/etc/uvm/tlm2/uvm_tlm2_ports.svh'.
Back to file '/remote/vtgimages/SAFE/linux_RH4_AMD64_TD_32_Engineer/release-structure/vcs-mx/etc/uvm/tlm2/uvm_tlm2.svh'.
Parsing included file '/remote/vtgimages/SAFE/linux_RH4_AMD64_TD_32_Engineer/release-structure/vcs-mx/etc/uvm/tlm2/uvm_tlm2_exports.svh'.
Back to file '/remote/vtgimages/SAFE/linux_RH4_AMD64_TD_32_Engineer/release-structure/vcs-mx/etc/uvm/tlm2/uvm_tlm2.svh'.
Parsing included file '/remote/vtgimages/SAFE/linux_RH4_AMD64_TD_32_Engineer/release-structure/vcs-mx/etc/uvm/tlm2/uvm_tlm2_sockets_base.svh'.
Back to file '/remote/vtgimages/SAFE/linux_RH4_AMD64_TD_32_Engineer/release-structure/vcs-mx/etc/uvm/tlm2/uvm_tlm2.svh'.
Parsing included file '/remote/vtgimages/SAFE/linux_RH4_AMD64_TD_32_Engineer/release-structure/vcs-mx/etc/uvm/tlm2/uvm_tlm2_sockets.svh'.
Back to file '/remote/vtgimages/SAFE/linux_RH4_AMD64_TD_32_Engineer/release-structure/vcs-mx/etc/uvm/tlm2/uvm_tlm2.svh'.
Back to file '/remote/vtgimages/SAFE/linux_RH4_AMD64_TD_32_Engineer/release-structure/vcs-mx/etc/uvm/uvm_pkg.sv'.
Parsing included file '/remote/vtgimages/SAFE/linux_RH4_AMD64_TD_32_Engineer/release-structure/vcs-mx/etc/uvm/reg/uvm_reg_model.svh'.
Parsing included file '/remote/vtgimages/SAFE/linux_RH4_AMD64_TD_32_Engineer/release-structure/vcs-mx/etc/uvm/reg/uvm_reg_item.svh'.
Back to file '/remote/vtgimages/SAFE/linux_RH4_AMD64_TD_32_Engineer/release-structure/vcs-mx/etc/uvm/reg/uvm_reg_model.svh'.
Parsing included file '/remote/vtgimages/SAFE/linux_RH4_AMD64_TD_32_Engineer/release-structure/vcs-mx/etc/uvm/reg/uvm_reg_adapter.svh'.
Back to file '/remote/vtgimages/SAFE/linux_RH4_AMD64_TD_32_Engineer/release-structure/vcs-mx/etc/uvm/reg/uvm_reg_model.svh'.
Parsing included file '/remote/vtgimages/SAFE/linux_RH4_AMD64_TD_32_Engineer/release-structure/vcs-mx/etc/uvm/reg/uvm_reg_sequence.svh'.
Back to file '/remote/vtgimages/SAFE/linux_RH4_AMD64_TD_32_Engineer/release-structure/vcs-mx/etc/uvm/reg/uvm_reg_model.svh'.
Parsing included file '/remote/vtgimages/SAFE/linux_RH4_AMD64_TD_32_Engineer/release-structure/vcs-mx/etc/uvm/reg/uvm_reg_cbs.svh'.
Back to file '/remote/vtgimages/SAFE/linux_RH4_AMD64_TD_32_Engineer/release-structure/vcs-mx/etc/uvm/reg/uvm_reg_model.svh'.
Parsing included file '/remote/vtgimages/SAFE/linux_RH4_AMD64_TD_32_Engineer/release-structure/vcs-mx/etc/uvm/reg/uvm_reg_backdoor.svh'.
Back to file '/remote/vtgimages/SAFE/linux_RH4_AMD64_TD_32_Engineer/release-structure/vcs-mx/etc/uvm/reg/uvm_reg_model.svh'.
Parsing included file '/remote/vtgimages/SAFE/linux_RH4_AMD64_TD_32_Engineer/release-structure/vcs-mx/etc/uvm/reg/uvm_reg_field.svh'.
Back to file '/remote/vtgimages/SAFE/linux_RH4_AMD64_TD_32_Engineer/release-structure/vcs-mx/etc/uvm/reg/uvm_reg_model.svh'.
Parsing included file '/remote/vtgimages/SAFE/linux_RH4_AMD64_TD_32_Engineer/release-structure/vcs-mx/etc/uvm/reg/uvm_vreg_field.svh'.
Back to file '/remote/vtgimages/SAFE/linux_RH4_AMD64_TD_32_Engineer/release-structure/vcs-mx/etc/uvm/reg/uvm_reg_model.svh'.
Parsing included file '/remote/vtgimages/SAFE/linux_RH4_AMD64_TD_32_Engineer/release-structure/vcs-mx/etc/uvm/reg/uvm_reg.svh'.
Back to file '/remote/vtgimages/SAFE/linux_RH4_AMD64_TD_32_Engineer/release-structure/vcs-mx/etc/uvm/reg/uvm_reg_model.svh'.
Parsing included file '/remote/vtgimages/SAFE/linux_RH4_AMD64_TD_32_Engineer/release-structure/vcs-mx/etc/uvm/reg/uvm_reg_indirect.svh'.
Back to file '/remote/vtgimages/SAFE/linux_RH4_AMD64_TD_32_Engineer/release-structure/vcs-mx/etc/uvm/reg/uvm_reg_model.svh'.
Parsing included file '/remote/vtgimages/SAFE/linux_RH4_AMD64_TD_32_Engineer/release-structure/vcs-mx/etc/uvm/reg/uvm_reg_fifo.svh'.
Back to file '/remote/vtgimages/SAFE/linux_RH4_AMD64_TD_32_Engineer/release-structure/vcs-mx/etc/uvm/reg/uvm_reg_model.svh'.
Parsing included file '/remote/vtgimages/SAFE/linux_RH4_AMD64_TD_32_Engineer/release-structure/vcs-mx/etc/uvm/reg/uvm_reg_file.svh'.
Back to file '/remote/vtgimages/SAFE/linux_RH4_AMD64_TD_32_Engineer/release-structure/vcs-mx/etc/uvm/reg/uvm_reg_model.svh'.
Parsing included file '/remote/vtgimages/SAFE/linux_RH4_AMD64_TD_32_Engineer/release-structure/vcs-mx/etc/uvm/reg/uvm_mem_mam.svh'.
Back to file '/remote/vtgimages/SAFE/linux_RH4_AMD64_TD_32_Engineer/release-structure/vcs-mx/etc/uvm/reg/uvm_reg_model.svh'.
Parsing included file '/remote/vtgimages/SAFE/linux_RH4_AMD64_TD_32_Engineer/release-structure/vcs-mx/etc/uvm/reg/uvm_vreg.svh'.
Back to file '/remote/vtgimages/SAFE/linux_RH4_AMD64_TD_32_Engineer/release-structure/vcs-mx/etc/uvm/reg/uvm_reg_model.svh'.
Parsing included file '/remote/vtgimages/SAFE/linux_RH4_AMD64_TD_32_Engineer/release-structure/vcs-mx/etc/uvm/reg/uvm_mem.svh'.
Back to file '/remote/vtgimages/SAFE/linux_RH4_AMD64_TD_32_Engineer/release-structure/vcs-mx/etc/uvm/reg/uvm_reg_model.svh'.
Parsing included file '/remote/vtgimages/SAFE/linux_RH4_AMD64_TD_32_Engineer/release-structure/vcs-mx/etc/uvm/reg/uvm_reg_map.svh'.
Back to file '/remote/vtgimages/SAFE/linux_RH4_AMD64_TD_32_Engineer/release-structure/vcs-mx/etc/uvm/reg/uvm_reg_model.svh'.
Parsing included file '/remote/vtgimages/SAFE/linux_RH4_AMD64_TD_32_Engineer/release-structure/vcs-mx/etc/uvm/reg/uvm_reg_block.svh'.
Back to file '/remote/vtgimages/SAFE/linux_RH4_AMD64_TD_32_Engineer/release-structure/vcs-mx/etc/uvm/reg/uvm_reg_model.svh'.
Parsing included file '/remote/vtgimages/SAFE/linux_RH4_AMD64_TD_32_Engineer/release-structure/vcs-mx/etc/uvm/reg/sequences/uvm_reg_hw_reset_seq.svh'.
Back to file '/remote/vtgimages/SAFE/linux_RH4_AMD64_TD_32_Engineer/release-structure/vcs-mx/etc/uvm/reg/uvm_reg_model.svh'.
Parsing included file '/remote/vtgimages/SAFE/linux_RH4_AMD64_TD_32_Engineer/release-structure/vcs-mx/etc/uvm/reg/sequences/uvm_reg_bit_bash_seq.svh'.
Back to file '/remote/vtgimages/SAFE/linux_RH4_AMD64_TD_32_Engineer/release-structure/vcs-mx/etc/uvm/reg/uvm_reg_model.svh'.
Parsing included file '/remote/vtgimages/SAFE/linux_RH4_AMD64_TD_32_Engineer/release-structure/vcs-mx/etc/uvm/reg/sequences/uvm_mem_walk_seq.svh'.
Back to file '/remote/vtgimages/SAFE/linux_RH4_AMD64_TD_32_Engineer/release-structure/vcs-mx/etc/uvm/reg/uvm_reg_model.svh'.
Parsing included file '/remote/vtgimages/SAFE/linux_RH4_AMD64_TD_32_Engineer/release-structure/vcs-mx/etc/uvm/reg/sequences/uvm_mem_access_seq.svh'.
Back to file '/remote/vtgimages/SAFE/linux_RH4_AMD64_TD_32_Engineer/release-structure/vcs-mx/etc/uvm/reg/uvm_reg_model.svh'.
Parsing included file '/remote/vtgimages/SAFE/linux_RH4_AMD64_TD_32_Engineer/release-structure/vcs-mx/etc/uvm/reg/sequences/uvm_reg_access_seq.svh'.
Back to file '/remote/vtgimages/SAFE/linux_RH4_AMD64_TD_32_Engineer/release-structure/vcs-mx/etc/uvm/reg/uvm_reg_model.svh'.
Parsing included file '/remote/vtgimages/SAFE/linux_RH4_AMD64_TD_32_Engineer/release-structure/vcs-mx/etc/uvm/reg/sequences/uvm_reg_mem_shared_access_seq.svh'.
Back to file '/remote/vtgimages/SAFE/linux_RH4_AMD64_TD_32_Engineer/release-structure/vcs-mx/etc/uvm/reg/uvm_reg_model.svh'.
Parsing included file '/remote/vtgimages/SAFE/linux_RH4_AMD64_TD_32_Engineer/release-structure/vcs-mx/etc/uvm/reg/sequences/uvm_reg_mem_built_in_seq.svh'.
Back to file '/remote/vtgimages/SAFE/linux_RH4_AMD64_TD_32_Engineer/release-structure/vcs-mx/etc/uvm/reg/uvm_reg_model.svh'.
Parsing included file '/remote/vtgimages/SAFE/linux_RH4_AMD64_TD_32_Engineer/release-structure/vcs-mx/etc/uvm/reg/sequences/uvm_reg_mem_hdl_paths_seq.svh'.
Back to file '/remote/vtgimages/SAFE/linux_RH4_AMD64_TD_32_Engineer/release-structure/vcs-mx/etc/uvm/reg/uvm_reg_model.svh'.
Back to file '/remote/vtgimages/SAFE/linux_RH4_AMD64_TD_32_Engineer/release-structure/vcs-mx/etc/uvm/uvm_pkg.sv'.
Parsing design file 'top.v'
Parsing included file '/remote/vtgimages/SAFE/linux_RH4_AMD64_TD_32_Engineer/release-structure/vcs-mx/etc/systemc/tlm/tli/uvm_tlm2_sv_bind.svh'.
Parsing included file '/remote/vtgimages/SAFE/linux_RH4_AMD64_TD_32_Engineer/release-structure/vcs-mx/etc/uvm/uvm_pkg.sv'.
Back to file '/remote/vtgimages/SAFE/linux_RH4_AMD64_TD_32_Engineer/release-structure/vcs-mx/etc/systemc/tlm/tli/uvm_tlm2_sv_bind.svh'.
Parsing included file '/remote/vtgimages/SAFE/linux_RH4_AMD64_TD_32_Engineer/release-structure/vcs-mx/etc/systemc/tlm/tli/tli_global_pkg.sv'.
Parsing included file '/remote/vtgimages/SAFE/linux_RH4_AMD64_TD_32_Engineer/release-structure/vcs-mx/etc/systemc/tlm/tli/tli_packunpack.sv'.
Back to file '/remote/vtgimages/SAFE/linux_RH4_AMD64_TD_32_Engineer/release-structure/vcs-mx/etc/systemc/tlm/tli/tli_global_pkg.sv'.
Parsing included file '/remote/vtgimages/SAFE/linux_RH4_AMD64_TD_32_Engineer/release-structure/vcs-mx/etc/systemc/tlm/tli/tli_messages.sv'.
Back to file '/remote/vtgimages/SAFE/linux_RH4_AMD64_TD_32_Engineer/release-structure/vcs-mx/etc/systemc/tlm/tli/tli_global_pkg.sv'.
Parsing included file '/remote/vtgimages/SAFE/linux_RH4_AMD64_TD_32_Engineer/release-structure/vcs-mx/etc/systemc/tlm/tli/tli_type_tlmgp.sv'.
Back to file '/remote/vtgimages/SAFE/linux_RH4_AMD64_TD_32_Engineer/release-structure/vcs-mx/etc/systemc/tlm/tli/tli_global_pkg.sv'.
Parsing included file '/remote/vtgimages/SAFE/linux_RH4_AMD64_TD_32_Engineer/release-structure/vcs-mx/etc/systemc/tlm/tli/tli_tlm_dpi.sv'.
Back to file '/remote/vtgimages/SAFE/linux_RH4_AMD64_TD_32_Engineer/release-structure/vcs-mx/etc/systemc/tlm/tli/tli_global_pkg.sv'.
Back to file '/remote/vtgimages/SAFE/linux_RH4_AMD64_TD_32_Engineer/release-structure/vcs-mx/etc/systemc/tlm/tli/uvm_tlm2_sv_bind.svh'.
Back to file 'top.v'.
Parsing included file 'tb_env.sv'.
Parsing included file '/remote/vtgimages/SAFE/linux_RH4_AMD64_TD_32_Engineer/release-structure/vcs-mx/etc/uvm/uvm_macros.svh'.
Back to file 'tb_env.sv'.
Parsing included file 'payload.sv'.
Back to file 'tb_env.sv'.
Parsing included file 'initiator.sv'.
Parsing included file '/remote/vtgimages/SAFE/linux_RH4_AMD64_TD_32_Engineer/release-structure/vcs-mx/etc/uvm/uvm_macros.svh'.
Back to file 'initiator.sv'.
Parsing included file 'payload.sv'.
Back to file 'initiator.sv'.
Back to file 'tb_env.sv'.
Parsing included file 'target.sv'.
Parsing included file '/remote/vtgimages/SAFE/linux_RH4_AMD64_TD_32_Engineer/release-structure/vcs-mx/etc/uvm/uvm_macros.svh'.
Back to file 'target.sv'.
Parsing included file 'payload.sv'.
Back to file 'target.sv'.
Back to file 'tb_env.sv'.
Back to file 'top.v'.
Parsing included file 'test.sv'.
Back to file 'top.v'.
Parsing design file 'csrc/sysc/sc_top/sc_top.v'
Parsing design file '/remote/vtgimages/SAFE/linux_RH4_AMD64_TD_32_Engineer/release-structure/vcs-mx/etc/uvm/uvm_pkg.sv'
Top Level Modules:
       top
TimeScale is 1 ns / 1 ps
Starting vcs inline pass...
9 modules and 0 UDP read.
recompiling package _vcs_DPI_package
recompiling package uvm_pkg
recompiling package tli_packunpack
recompiling package tli_uvm_packunpack
recompiling package tli_vmm_packunpack
recompiling package global_pkg
recompiling package uvm_tlm2_sv_bind_pkg
recompiling module top
All of 9 modules done
( cd csrc ; make -f Makefile LD=g++ SNPS_VCS_TMPDIR=/tmp/vcs_20111025050352_10666 \
product )
make[1]: Entering directory `/remote/vtghome11/subhaa/p4_11_12/unit_Examples/vcs/testbench/sv/uvm/simple/tlm2/systemC/user/csrc' \

g++ -w  -pipe -m32 -DVCS -O -I/remote/vtgimages/SAFE/linux_RH4_AMD64_TD_32_Engineer/release-structure/vcs-mx/include \
-fPIC -c /remote/vtgimages/SAFE/linux_RH4_AMD64_TD_32_Engineer/release-structure/vcs-mx/etc/uvm/dpi/uvm_dpi.cc \

gcc  -w  -pipe -m32 -DVCS -O -I/remote/vtgimages/SAFE/linux_RH4_AMD64_TD_32_Engineer/release-structure/vcs-mx/include \
-fPIC  -c -o BEEo_1_0x2aB.o BEEo_1_0x2aB.c
gmake[2]: Nothing to be done for `module-target'.
gmake[2]: Nothing to be done for `module-initiator'.
gmake[2]: Nothing to be done for `module-tli_packunpack_my_payload'.
gmake[2]: Nothing to be done for `module-payload_conv'.
Interface of /remote/vtghome11/subhaa/p4_11_12/unit_Examples/vcs/uvm/simple/tlm2/systemC/user/sc_top.cpp \
didn't change.
gmake[2]: Nothing to be done for `all'.
if [ -x ../simv ]; then chmod -x ../simv; fi
g++  -o ../simv -melf_i386 -m32 -L/remote/vtgimages/SAFE/linux_RH4_AMD64_TD_32_Engineer/release-structure/vcs-mx/linux/lib/cosim/sysc22-gcc34 \
-L/remote/vtgimages/SAFE/linux_RH4_AMD64_TD_32_Engineer/release-structure/vcs-mx/linux/lib \
-rdynamic -Wl,-E    -Wl,-whole-archive    -Wl,-no-whole-archive  /remote/vtgimages/SAFE/linux_RH4_AMD64_TD_32_Engineer/release-structure/vcs-mx/linux/lib/vpdlogstub.o \
/remote/vtghome11/subhaa/p4_11_12/unit_Examples/vcs/uvm/simple/tlm2/systemC/user/csrc/sysc/sysc_globals.o \
/remote/vtgimages/SAFE/linux_RH4_AMD64_TD_32_Engineer/release-structure/vcs-mx/linux/lib/ucli.o \
/remote/vtgimages/SAFE/linux_RH4_AMD64_TD_32_Engineer/release-structure/vcs-mx/linux/lib/vhdl_vpdstubs.o \
uvm_dpi.o  _vcsobj_1_1.o  5NrI_d.o 5NrIB_d.o SIM_l.o   BEEo_1_0x2aB.o  rmapats_mop.o \
rmapats.o      /remote/vtghome11/subhaa/p4_11_12/unit_Examples/vcs/uvm/simple/tlm2/systemC/user/csrc/sysc/target.o \
/remote/vtghome11/subhaa/p4_11_12/unit_Examples/vcs/uvm/simple/tlm2/systemC/user/csrc/sysc/initiator.o \
/remote/vtghome11/subhaa/p4_11_12/unit_Examples/vcs/uvm/simple/tlm2/systemC/user/csrc/sysc/tli_packunpack_my_payload.o \
/remote/vtghome11/subhaa/p4_11_12/unit_Examples/vcs/uvm/simple/tlm2/systemC/user/csrc/sysc/payload_conv.o \
/remote/vtghome11/subhaa/p4_11_12/unit_Examples/vcs/uvm/simple/tlm2/systemC/user/csrc/sysc/sc_top/sc_top_ifc.o \
/remote/vtghome11/subhaa/p4_11_12/unit_Examples/vcs/uvm/simple/tlm2/systemC/user/csrc/sysc/sc_top/sc_top_ifc_ucli.o \
/remote/vtghome11/subhaa/p4_11_12/unit_Examples/vcs/uvm/simple/tlm2/systemC/user/csrc/sysc/sc_top/sc_top_init.o \
/remote/vtghome11/subhaa/p4_11_12/unit_Examples/vcs/uvm/simple/tlm2/systemC/user/csrc/sysc/sc_top/sc_top.o \
/remote/vtghome11/subhaa/p4_11_12/unit_Examples/vcs/uvm/simple/tlm2/systemC/user/csrc/sysc/libcsrc_sysc_stubs.a \
/remote/vtgimages/SAFE/linux_RH4_AMD64_TD_32_Engineer/release-structure/vcs-mx/linux/lib/libvirsim.so \
/remote/vtgimages/SAFE/linux_RH4_AMD64_TD_32_Engineer/release-structure/vcs-mx/linux/lib/librterrorinf.so \
/remote/vtgimages/SAFE/linux_RH4_AMD64_TD_32_Engineer/release-structure/vcs-mx/linux/lib/libsnpsmalloc.so \
-lvmmsc -lsysctli -lbf_osci -lsystemc22-gcc34 /remote/vtgimages/SAFE/linux_RH4_AMD64_TD_32_Engineer/release-structure/vcs-mx/linux/lib/libvirsim.so \
/remote/vtgimages/SAFE/linux_RH4_AMD64_TD_32_Engineer/release-structure/vcs-mx/linux/lib/libvcsfnew.so \
/remote/vtgimages/SAFE/linux_RH4_AMD64_TD_32_Engineer/release-structure/vcs-mx/linux/lib/libvcsnew.so \
/remote/vtgimages/SAFE/linux_RH4_AMD64_TD_32_Engineer/release-structure/vcs-mx/linux/lib/libuclinative.so \
/remote/vtgimages/SAFE/linux_RH4_AMD64_TD_32_Engineer/release-structure/vcs-mx/linux/lib/vcs_save_restore_new.o \
/remote/vtgimages/SAFE/linux_RH4_AMD64_TD_32_Engineer/release-structure/vcs-mx/linux/lib/ctype-stubs_32.a \
-ldl -lm  -lc -lpthread -ldl 
../simv up to date
make[1]: Leaving directory `/remote/vtghome11/subhaa/p4_11_12/unit_Examples/vcs/testbench/sv/uvm/simple/tlm2/systemC/user/csrc' \

CPU time: 13.630 seconds to compile + .094 seconds to elab + 4.190 seconds to link
