Command: ./simv +UVM_NO_RELNOTES -l run.log
Chronologic VCS simulator copyright 1991-2011
Contains Synopsys proprietary information.
Compiler version F-2011.12; Runtime version F-2011.12;  Nov 26 14:38 2013
----------------------------------------------------------------
UVM-1.1.VCS
(C) 2007-2011 Mentor Graphics Corporation
(C) 2007-2011 Cadence Design Systems, Inc.
(C) 2006-2011 Synopsys, Inc.
(C) 2011      Cypress Semiconductor Corp.
----------------------------------------------------------------
UVM_INFO @ 0: reporter [RNTST] Running test ...
0: top:  build
0: top.a1.a:  build
0: top.a1.a.b1:  build
0: top.a1.a.d1:  build
0: top.a2.a:  build
0: top.a2.a.b1:  build
0: top.a2.a.d1:  build
0: top.a1.a.b1:  end_of_elaboration
0: top.a1.a.d1:  end_of_elaboration
0: top.a1.a:  end_of_elaboration
0: top.a2.a.b1:  end_of_elaboration
0: top.a2.a.d1:  end_of_elaboration
0: top.a2.a:  end_of_elaboration
0: top:  end_of_elaboration
0: top.a1.a.b1:  start_of_simulation
0: top.a1.a.d1:  start_of_simulation
0: top.a1.a:  start_of_simulation
0: top.a2.a.b1:  start_of_simulation
0: top.a2.a.d1:  start_of_simulation
0: top.a2.a:  start_of_simulation
0: top:  start_of_simulation
0: top.a1.a.b1:  run phase
0: top.a1.a:  run phase
0: top.a2.a.b1:  run phase
0: top.a2.a:  run phase
0: top:  run phase
UVM_INFO /share/reconfig/synopsys_vcs_mx/etc/uvm-1.1/base/uvm_objection.svh(1120) @ 0: reporter [TEST_DONE] 'run' phase is ready to proceed to the 'extract' phase
0: top.a1.a.b1:  extract
0: top.a1.a.d1:  extract
0: top.a1.a:  extract
0: top.a2.a.b1:  extract
0: top.a2.a.d1:  extract
0: top.a2.a:  extract
0: top:  extract
0: top.a1.a.b1:  check
0: top.a1.a.d1:  check
0: top.a1.a:  check
0: top.a2.a.b1:  check
0: top.a2.a.d1:  check
0: top.a2.a:  check
0: top:  check
0: top.a1.a.b1:  report
0: top.a1.a.d1:  report
0: top.a1.a:  report
0: top.a2.a.b1:  report
0: top.a2.a.d1:  report
0: top.a2.a:  report
0: top:  report

--- UVM Report Summary ---

** Report counts by severity
UVM_INFO :    2
UVM_WARNING :    0
UVM_ERROR :    0
UVM_FATAL :    0
** Report counts by id
[RNTST]     1
[TEST_DONE]     1
$finish called from file "/share/reconfig/synopsys_vcs_mx/etc/uvm-1.1/base/uvm_root.svh", line 408.
$finish at simulation time                    0
           V C S   S i m u l a t i o n   R e p o r t 
Time: 0 ns
CPU Time:      0.330 seconds;       Data structure size:   0.1Mb
Tue Nov 26 14:38:05 2013
